Determining if the __malloc_hook exist failed with the following output:
Change Dir: /home/brukamen/1260/openwrt/package/UA2F/build/CMakeFiles/CMakeTmp

Run Build Command(s):/usr/bin/gmake cmTC_958cc/fast && gmake[4]: Entering directory '/home/brukamen/1260/openwrt/package/UA2F/build/CMakeFiles/CMakeTmp'
/usr/bin/gmake  -f CMakeFiles/cmTC_958cc.dir/build.make CMakeFiles/cmTC_958cc.dir/build
gmake[5]: Entering directory '/home/brukamen/1260/openwrt/package/UA2F/build/CMakeFiles/CMakeTmp'
Building C object CMakeFiles/cmTC_958cc.dir/CheckSymbolExists.c.o
/home/brukamen/1260/openwrt/staging_dir/toolchain-mipsel_24kc_gcc-8.4.0_musl/bin/mipsel-openwrt-linux-musl-gcc   -Os -pipe -mno-branch-likely -mips32r2 -mtune=24kc -fno-caller-saves -fno-plt -fhonour-copts -Wno-error=unused-but-set-variable -Wno-error=unused-result -msoft-float -mips16 -minterlink-mips16 -fmacro-prefix-map=/home/brukamen/1260/openwrt/package/UA2F/openwrt/..=.. -Wformat -Werror=format-security -fstack-protector -D_FORTIFY_SOURCE=1 -Wl,-z,now -Wl,-z,relro  -o CMakeFiles/cmTC_958cc.dir/CheckSymbolExists.c.o -c /home/brukamen/1260/openwrt/package/UA2F/build/CMakeFiles/CMakeTmp/CheckSymbolExists.c
/home/brukamen/1260/openwrt/package/UA2F/build/CMakeFiles/CMakeTmp/CheckSymbolExists.c: In function 'main':
/home/brukamen/1260/openwrt/package/UA2F/build/CMakeFiles/CMakeTmp/CheckSymbolExists.c:8:19: error: '__malloc_hook' undeclared (first use in this function)
   return ((int*)(&__malloc_hook))[argc];
                   ^~~~~~~~~~~~~
/home/brukamen/1260/openwrt/package/UA2F/build/CMakeFiles/CMakeTmp/CheckSymbolExists.c:8:19: note: each undeclared identifier is reported only once for each function it appears in
gmake[5]: *** [CMakeFiles/cmTC_958cc.dir/build.make:85: CMakeFiles/cmTC_958cc.dir/CheckSymbolExists.c.o] Error 1
gmake[5]: Leaving directory '/home/brukamen/1260/openwrt/package/UA2F/build/CMakeFiles/CMakeTmp'
gmake[4]: *** [Makefile:140: cmTC_958cc/fast] Error 2
gmake[4]: Leaving directory '/home/brukamen/1260/openwrt/package/UA2F/build/CMakeFiles/CMakeTmp'


File /home/brukamen/1260/openwrt/package/UA2F/build/CMakeFiles/CMakeTmp/CheckSymbolExists.c:
/* */
#include <malloc.h>

int main(int argc, char** argv)
{
  (void)argv;
#ifndef __malloc_hook
  return ((int*)(&__malloc_hook))[argc];
#else
  (void)argc;
  return 0;
#endif
}
