The target system is: Linux - 1 - mipsel
The host system is: Linux - 5.19.0-45-generic - x86_64
Compiling the C compiler identification source file "CMakeCCompilerId.c" succeeded.
Compiler: /home/brukamen/1260/openwrt/staging_dir/toolchain-mipsel_24kc_gcc-8.4.0_musl/bin/mipsel-openwrt-linux-musl-gcc 
Build flags: -Os;-pipe;-mno-branch-likely;-mips32r2;-mtune=24kc;-fno-caller-saves;-fno-plt;-fhonour-copts;-Wno-error=unused-but-set-variable;-Wno-error=unused-result;-msoft-float;-mips16;-minterlink-mips16;-fmacro-prefix-map=/home/brukamen/1260/openwrt/package/UA2F/openwrt/..=..;-Wformat;-Werror=format-security;-fstack-protector;-D_FORTIFY_SOURCE=1;-Wl,-z,now;-Wl,-z,relro;
Id flags:  

The output was:
0


Compilation of the C compiler identification source "CMakeCCompilerId.c" produced "a.out"

The C compiler identification is GNU, found in "/home/brukamen/1260/openwrt/package/UA2F/build/CMakeFiles/3.19.8/CompilerIdC/a.out"

Detecting C compiler ABI info compiled with the following output:
Change Dir: /home/brukamen/1260/openwrt/package/UA2F/build/CMakeFiles/CMakeTmp

Run Build Command(s):/usr/bin/gmake cmTC_367d9/fast && gmake[4]: Entering directory '/home/brukamen/1260/openwrt/package/UA2F/build/CMakeFiles/CMakeTmp'
/usr/bin/gmake  -f CMakeFiles/cmTC_367d9.dir/build.make CMakeFiles/cmTC_367d9.dir/build
gmake[5]: Entering directory '/home/brukamen/1260/openwrt/package/UA2F/build/CMakeFiles/CMakeTmp'
Building C object CMakeFiles/cmTC_367d9.dir/CMakeCCompilerABI.c.o
/home/brukamen/1260/openwrt/staging_dir/toolchain-mipsel_24kc_gcc-8.4.0_musl/bin/mipsel-openwrt-linux-musl-gcc   -Os -pipe -mno-branch-likely -mips32r2 -mtune=24kc -fno-caller-saves -fno-plt -fhonour-copts -Wno-error=unused-but-set-variable -Wno-error=unused-result -msoft-float -mips16 -minterlink-mips16 -fmacro-prefix-map=/home/brukamen/1260/openwrt/package/UA2F/openwrt/..=.. -Wformat -fstack-protector -D_FORTIFY_SOURCE=1 -Wl,-z,now -Wl,-z,relro    -v -o CMakeFiles/cmTC_367d9.dir/CMakeCCompilerABI.c.o -c /home/brukamen/1260/openwrt/staging_dir/host/share/cmake-3.19/Modules/CMakeCCompilerABI.c
Reading specs from /home/brukamen/1260/openwrt/staging_dir/toolchain-mipsel_24kc_gcc-8.4.0_musl/lib/gcc/mipsel-openwrt-linux-musl/8.4.0/specs
COLLECT_GCC=/home/brukamen/1260/openwrt/staging_dir/toolchain-mipsel_24kc_gcc-8.4.0_musl/bin/mipsel-openwrt-linux-musl-gcc
Target: mipsel-openwrt-linux-musl
Configured with: /home/brukamen/1260/openwrt/build_dir/toolchain-mipsel_24kc_gcc-8.4.0_musl/gcc-8.4.0/configure --with-bugurl=http://bugs.openwrt.org/ --with-pkgversion='OpenWrt GCC 8.4.0 r16852-eb8cae5391' --prefix=/home/brukamen/1260/openwrt/staging_dir/toolchain-mipsel_24kc_gcc-8.4.0_musl --build=x86_64-pc-linux-gnu --host=x86_64-pc-linux-gnu --target=mipsel-openwrt-linux-musl --with-gnu-ld --enable-target-optspace --disable-libgomp --disable-libmudflap --disable-multilib --disable-libmpx --disable-nls --disable-libssp --without-isl --without-cloog --with-host-libstdcxx=-lstdc++ --with-float=soft --with-gmp=/home/brukamen/1260/openwrt/staging_dir/host --with-mpfr=/home/brukamen/1260/openwrt/staging_dir/host --with-mpc=/home/brukamen/1260/openwrt/staging_dir/host --disable-decimal-float --with-diagnostics-color=auto-if-env --enable-__cxa_atexit --disable-libstdcxx-dual-abi --with-default-libstdcxx-abi=new --with-mips-plt --with-headers=/home/brukamen/1260/openwrt/staging_dir/toolchain-mipsel_24kc_gcc-8.4.0_musl/include --enable-languages=c,c++ --enable-shared --enable-threads --with-slibdir=/home/brukamen/1260/openwrt/staging_dir/toolchain-mipsel_24kc_gcc-8.4.0_musl/lib --enable-lto --with-libelf=/home/brukamen/1260/openwrt/staging_dir/host --disable-libsanitizer
Thread model: posix
gcc version 8.4.0 (OpenWrt GCC 8.4.0 r16852-eb8cae5391) 
COLLECT_GCC_OPTIONS='-Os' '-pipe' '-mno-branch-likely' '-mips32r2' '-mtune=24kc' '-fno-caller-saves' '-fno-plt' '-fhonour-copts' '-Wno-error=unused-but-set-variable' '-Wno-error=unused-result' '-msoft-float' '-mips16' '-minterlink-mips16' '-fmacro-prefix-map=/home/brukamen/1260/openwrt/package/UA2F/openwrt/..=..' '-Wformat=1' '-fstack-protector' '-D' '_FORTIFY_SOURCE=1' '-v' '-o' 'CMakeFiles/cmTC_367d9.dir/CMakeCCompilerABI.c.o' '-c' '-mllsc' '-mplt' '-mno-shared' '-EL' '-mabi=32'
 /home/brukamen/1260/openwrt/staging_dir/toolchain-mipsel_24kc_gcc-8.4.0_musl/libexec/gcc/mipsel-openwrt-linux-musl/8.4.0/cc1 -quiet -v -idirafter /home/brukamen/1260/openwrt/staging_dir/target-mipsel_24kc_musl/usr/include -D _FORTIFY_SOURCE=1 /home/brukamen/1260/openwrt/staging_dir/host/share/cmake-3.19/Modules/CMakeCCompilerABI.c -mel -quiet -dumpbase CMakeCCompilerABI.c -mno-branch-likely -mips32r2 -mtune=24kc -msoft-float -mips16 -minterlink-mips16 -mllsc -mplt -mno-shared -mabi=32 -auxbase-strip CMakeFiles/cmTC_367d9.dir/CMakeCCompilerABI.c.o -Os -Wno-error=unused-but-set-variable -Wno-error=unused-result -Wformat=1 -version -fno-caller-saves -fno-plt -fhonour-copts -fmacro-prefix-map=/home/brukamen/1260/openwrt/package/UA2F/openwrt/..=.. -fstack-protector -o - |
 /home/brukamen/1260/openwrt/staging_dir/toolchain-mipsel_24kc_gcc-8.4.0_musl/lib/gcc/mipsel-openwrt-linux-musl/8.4.0/../../../../mipsel-openwrt-linux-musl/bin/as -v -EL -mips32r2 -mips16 -O2 -mabi=32 -mno-shared -mtune=24kc -msoft-float -call_nonpic -o CMakeFiles/cmTC_367d9.dir/CMakeCCompilerABI.c.o
GNU assembler version 2.34 (mipsel-openwrt-linux-musl) using BFD version (GNU Binutils) 2.34
GNU C17 (OpenWrt GCC 8.4.0 r16852-eb8cae5391) version 8.4.0 (mipsel-openwrt-linux-musl)
	compiled by GNU C version 11.3.0, GMP version 6.2.1, MPFR version 4.1.0, MPC version 1.2.1, isl version none
GGC heuristics: --param ggc-min-expand=100 --param ggc-min-heapsize=131072
#include "..." search starts here:
#include <...> search starts here:
 /home/brukamen/1260/openwrt/staging_dir/toolchain-mipsel_24kc_gcc-8.4.0_musl/lib/gcc/mipsel-openwrt-linux-musl/8.4.0/../../../../mipsel-openwrt-linux-musl/sys-include
 /home/brukamen/1260/openwrt/staging_dir/toolchain-mipsel_24kc_gcc-8.4.0_musl/lib/gcc/mipsel-openwrt-linux-musl/8.4.0/../../../../mipsel-openwrt-linux-musl/include
 /home/brukamen/1260/openwrt/staging_dir/toolchain-mipsel_24kc_gcc-8.4.0_musl/lib/gcc/mipsel-openwrt-linux-musl/8.4.0/include
 /home/brukamen/1260/openwrt/staging_dir/target-mipsel_24kc_musl/usr/include
End of search list.
GNU C17 (OpenWrt GCC 8.4.0 r16852-eb8cae5391) version 8.4.0 (mipsel-openwrt-linux-musl)
	compiled by GNU C version 11.3.0, GMP version 6.2.1, MPFR version 4.1.0, MPC version 1.2.1, isl version none
GGC heuristics: --param ggc-min-expand=100 --param ggc-min-heapsize=131072
Compiler executable checksum: 56da29872d60b3929234882705c11d5d
COMPILER_PATH=/home/brukamen/1260/openwrt/staging_dir/toolchain-mipsel_24kc_gcc-8.4.0_musl/libexec/gcc/mipsel-openwrt-linux-musl/8.4.0/:/home/brukamen/1260/openwrt/staging_dir/toolchain-mipsel_24kc_gcc-8.4.0_musl/libexec/gcc/mipsel-openwrt-linux-musl/8.4.0/:/home/brukamen/1260/openwrt/staging_dir/toolchain-mipsel_24kc_gcc-8.4.0_musl/libexec/gcc/mipsel-openwrt-linux-musl/:/home/brukamen/1260/openwrt/staging_dir/toolchain-mipsel_24kc_gcc-8.4.0_musl/lib/gcc/mipsel-openwrt-linux-musl/8.4.0/:/home/brukamen/1260/openwrt/staging_dir/toolchain-mipsel_24kc_gcc-8.4.0_musl/lib/gcc/mipsel-openwrt-linux-musl/:/home/brukamen/1260/openwrt/staging_dir/toolchain-mipsel_24kc_gcc-8.4.0_musl/lib/gcc/mipsel-openwrt-linux-musl/8.4.0/../../../../mipsel-openwrt-linux-musl/bin/
LIBRARY_PATH=/home/brukamen/1260/openwrt/staging_dir/toolchain-mipsel_24kc_gcc-8.4.0_musl/lib/gcc/mipsel-openwrt-linux-musl/8.4.0/:/home/brukamen/1260/openwrt/staging_dir/toolchain-mipsel_24kc_gcc-8.4.0_musl/lib/gcc/mipsel-openwrt-linux-musl/8.4.0/../../../../mipsel-openwrt-linux-musl/lib/
COLLECT_GCC_OPTIONS='-Os' '-pipe' '-mno-branch-likely' '-mips32r2' '-mtune=24kc' '-fno-caller-saves' '-fno-plt' '-fhonour-copts' '-Wno-error=unused-but-set-variable' '-Wno-error=unused-result' '-msoft-float' '-mips16' '-minterlink-mips16' '-fmacro-prefix-map=/home/brukamen/1260/openwrt/package/UA2F/openwrt/..=..' '-Wformat=1' '-fstack-protector' '-D' '_FORTIFY_SOURCE=1' '-v' '-o' 'CMakeFiles/cmTC_367d9.dir/CMakeCCompilerABI.c.o' '-c' '-mllsc' '-mplt' '-mno-shared' '-EL' '-mabi=32'
Linking C executable cmTC_367d9
/home/brukamen/1260/openwrt/staging_dir/host/bin/cmake -E cmake_link_script CMakeFiles/cmTC_367d9.dir/link.txt --verbose=1
/home/brukamen/1260/openwrt/staging_dir/toolchain-mipsel_24kc_gcc-8.4.0_musl/bin/mipsel-openwrt-linux-musl-gcc -Os -pipe -mno-branch-likely -mips32r2 -mtune=24kc -fno-caller-saves -fno-plt -fhonour-copts -Wno-error=unused-but-set-variable -Wno-error=unused-result -msoft-float -mips16 -minterlink-mips16 -fmacro-prefix-map=/home/brukamen/1260/openwrt/package/UA2F/openwrt/..=.. -Wformat -fstack-protector -D_FORTIFY_SOURCE=1 -Wl,-z,now -Wl,-z,relro  -L/home/brukamen/1260/openwrt/staging_dir/toolchain-mipsel_24kc_gcc-8.4.0_musl/usr/lib -L/home/brukamen/1260/openwrt/staging_dir/toolchain-mipsel_24kc_gcc-8.4.0_musl/lib -znow -zrelro -v CMakeFiles/cmTC_367d9.dir/CMakeCCompilerABI.c.o -o cmTC_367d9 
Reading specs from /home/brukamen/1260/openwrt/staging_dir/toolchain-mipsel_24kc_gcc-8.4.0_musl/lib/gcc/mipsel-openwrt-linux-musl/8.4.0/specs
COLLECT_GCC=/home/brukamen/1260/openwrt/staging_dir/toolchain-mipsel_24kc_gcc-8.4.0_musl/bin/mipsel-openwrt-linux-musl-gcc
COLLECT_LTO_WRAPPER=/home/brukamen/1260/openwrt/staging_dir/toolchain-mipsel_24kc_gcc-8.4.0_musl/libexec/gcc/mipsel-openwrt-linux-musl/8.4.0/lto-wrapper
Target: mipsel-openwrt-linux-musl
Configured with: /home/brukamen/1260/openwrt/build_dir/toolchain-mipsel_24kc_gcc-8.4.0_musl/gcc-8.4.0/configure --with-bugurl=http://bugs.openwrt.org/ --with-pkgversion='OpenWrt GCC 8.4.0 r16852-eb8cae5391' --prefix=/home/brukamen/1260/openwrt/staging_dir/toolchain-mipsel_24kc_gcc-8.4.0_musl --build=x86_64-pc-linux-gnu --host=x86_64-pc-linux-gnu --target=mipsel-openwrt-linux-musl --with-gnu-ld --enable-target-optspace --disable-libgomp --disable-libmudflap --disable-multilib --disable-libmpx --disable-nls --disable-libssp --without-isl --without-cloog --with-host-libstdcxx=-lstdc++ --with-float=soft --with-gmp=/home/brukamen/1260/openwrt/staging_dir/host --with-mpfr=/home/brukamen/1260/openwrt/staging_dir/host --with-mpc=/home/brukamen/1260/openwrt/staging_dir/host --disable-decimal-float --with-diagnostics-color=auto-if-env --enable-__cxa_atexit --disable-libstdcxx-dual-abi --with-default-libstdcxx-abi=new --with-mips-plt --with-headers=/home/brukamen/1260/openwrt/staging_dir/toolchain-mipsel_24kc_gcc-8.4.0_musl/include --enable-languages=c,c++ --enable-shared --enable-threads --with-slibdir=/home/brukamen/1260/openwrt/staging_dir/toolchain-mipsel_24kc_gcc-8.4.0_musl/lib --enable-lto --with-libelf=/home/brukamen/1260/openwrt/staging_dir/host --disable-libsanitizer
Thread model: posix
gcc version 8.4.0 (OpenWrt GCC 8.4.0 r16852-eb8cae5391) 
COMPILER_PATH=/home/brukamen/1260/openwrt/staging_dir/toolchain-mipsel_24kc_gcc-8.4.0_musl/libexec/gcc/mipsel-openwrt-linux-musl/8.4.0/:/home/brukamen/1260/openwrt/staging_dir/toolchain-mipsel_24kc_gcc-8.4.0_musl/libexec/gcc/mipsel-openwrt-linux-musl/8.4.0/:/home/brukamen/1260/openwrt/staging_dir/toolchain-mipsel_24kc_gcc-8.4.0_musl/libexec/gcc/mipsel-openwrt-linux-musl/:/home/brukamen/1260/openwrt/staging_dir/toolchain-mipsel_24kc_gcc-8.4.0_musl/lib/gcc/mipsel-openwrt-linux-musl/8.4.0/:/home/brukamen/1260/openwrt/staging_dir/toolchain-mipsel_24kc_gcc-8.4.0_musl/lib/gcc/mipsel-openwrt-linux-musl/:/home/brukamen/1260/openwrt/staging_dir/toolchain-mipsel_24kc_gcc-8.4.0_musl/lib/gcc/mipsel-openwrt-linux-musl/8.4.0/../../../../mipsel-openwrt-linux-musl/bin/
LIBRARY_PATH=/home/brukamen/1260/openwrt/staging_dir/toolchain-mipsel_24kc_gcc-8.4.0_musl/lib/gcc/mipsel-openwrt-linux-musl/8.4.0/:/home/brukamen/1260/openwrt/staging_dir/toolchain-mipsel_24kc_gcc-8.4.0_musl/lib/gcc/mipsel-openwrt-linux-musl/8.4.0/../../../../mipsel-openwrt-linux-musl/lib/
COLLECT_GCC_OPTIONS='-Os' '-pipe' '-mno-branch-likely' '-mips32r2' '-mtune=24kc' '-fno-caller-saves' '-fno-plt' '-fhonour-copts' '-Wno-error=unused-but-set-variable' '-Wno-error=unused-result' '-msoft-float' '-mips16' '-minterlink-mips16' '-fmacro-prefix-map=/home/brukamen/1260/openwrt/package/UA2F/openwrt/..=..' '-Wformat=1' '-fstack-protector' '-D' '_FORTIFY_SOURCE=1' '-L/home/brukamen/1260/openwrt/staging_dir/toolchain-mipsel_24kc_gcc-8.4.0_musl/usr/lib' '-L/home/brukamen/1260/openwrt/staging_dir/toolchain-mipsel_24kc_gcc-8.4.0_musl/lib' '-z' 'now' '-z' 'relro' '-v' '-o' 'cmTC_367d9' '-mllsc' '-mplt' '-mno-shared' '-EL' '-mabi=32'
 /home/brukamen/1260/openwrt/staging_dir/toolchain-mipsel_24kc_gcc-8.4.0_musl/libexec/gcc/mipsel-openwrt-linux-musl/8.4.0/collect2 -plugin /home/brukamen/1260/openwrt/staging_dir/toolchain-mipsel_24kc_gcc-8.4.0_musl/libexec/gcc/mipsel-openwrt-linux-musl/8.4.0/liblto_plugin.so -plugin-opt=/home/brukamen/1260/openwrt/staging_dir/toolchain-mipsel_24kc_gcc-8.4.0_musl/libexec/gcc/mipsel-openwrt-linux-musl/8.4.0/lto-wrapper -plugin-opt=-fresolution=/home/brukamen/1260/openwrt/tmp/ccWLnMwm.res -plugin-opt=-pass-through=-lgcc_s -plugin-opt=-pass-through=-lc -plugin-opt=-pass-through=-lgcc_s --eh-frame-hdr -EL -mips32r2 -mips16 -dynamic-linker /lib/ld-musl-mipsel-sf.so.1 -melf32ltsmip -o cmTC_367d9 -z now -z relro /home/brukamen/1260/openwrt/staging_dir/toolchain-mipsel_24kc_gcc-8.4.0_musl/lib/gcc/mipsel-openwrt-linux-musl/8.4.0/../../../../mipsel-openwrt-linux-musl/lib/crt1.o /home/brukamen/1260/openwrt/staging_dir/toolchain-mipsel_24kc_gcc-8.4.0_musl/lib/gcc/mipsel-openwrt-linux-musl/8.4.0/../../../../mipsel-openwrt-linux-musl/lib/crti.o /home/brukamen/1260/openwrt/staging_dir/toolchain-mipsel_24kc_gcc-8.4.0_musl/lib/gcc/mipsel-openwrt-linux-musl/8.4.0/crtbegin.o -L/home/brukamen/1260/openwrt/staging_dir/toolchain-mipsel_24kc_gcc-8.4.0_musl/usr/lib -L/home/brukamen/1260/openwrt/staging_dir/toolchain-mipsel_24kc_gcc-8.4.0_musl/lib -L /home/brukamen/1260/openwrt/staging_dir/target-mipsel_24kc_musl/usr/lib -rpath-link /home/brukamen/1260/openwrt/staging_dir/target-mipsel_24kc_musl/usr/lib -L/home/brukamen/1260/openwrt/staging_dir/toolchain-mipsel_24kc_gcc-8.4.0_musl/lib/gcc/mipsel-openwrt-linux-musl/8.4.0 -L/home/brukamen/1260/openwrt/staging_dir/toolchain-mipsel_24kc_gcc-8.4.0_musl/lib/gcc/mipsel-openwrt-linux-musl/8.4.0/../../../../mipsel-openwrt-linux-musl/lib -z now -z relro CMakeFiles/cmTC_367d9.dir/CMakeCCompilerABI.c.o -lssp_nonshared -lgcc_s -lc -lgcc_s /home/brukamen/1260/openwrt/staging_dir/toolchain-mipsel_24kc_gcc-8.4.0_musl/lib/gcc/mipsel-openwrt-linux-musl/8.4.0/crtend.o /home/brukamen/1260/openwrt/staging_dir/toolchain-mipsel_24kc_gcc-8.4.0_musl/lib/gcc/mipsel-openwrt-linux-musl/8.4.0/../../../../mipsel-openwrt-linux-musl/lib/crtn.o
COLLECT_GCC_OPTIONS='-Os' '-pipe' '-mno-branch-likely' '-mips32r2' '-mtune=24kc' '-fno-caller-saves' '-fno-plt' '-fhonour-copts' '-Wno-error=unused-but-set-variable' '-Wno-error=unused-result' '-msoft-float' '-mips16' '-minterlink-mips16' '-fmacro-prefix-map=/home/brukamen/1260/openwrt/package/UA2F/openwrt/..=..' '-Wformat=1' '-fstack-protector' '-D' '_FORTIFY_SOURCE=1' '-L/home/brukamen/1260/openwrt/staging_dir/toolchain-mipsel_24kc_gcc-8.4.0_musl/usr/lib' '-L/home/brukamen/1260/openwrt/staging_dir/toolchain-mipsel_24kc_gcc-8.4.0_musl/lib' '-z' 'now' '-z' 'relro' '-v' '-o' 'cmTC_367d9' '-mllsc' '-mplt' '-mno-shared' '-EL' '-mabi=32'
gmake[5]: Leaving directory '/home/brukamen/1260/openwrt/package/UA2F/build/CMakeFiles/CMakeTmp'
gmake[4]: Leaving directory '/home/brukamen/1260/openwrt/package/UA2F/build/CMakeFiles/CMakeTmp'



Parsed C implicit include dir info from above output: rv=done
  found start of include info
  found start of implicit include info
    add: [/home/brukamen/1260/openwrt/staging_dir/toolchain-mipsel_24kc_gcc-8.4.0_musl/lib/gcc/mipsel-openwrt-linux-musl/8.4.0/../../../../mipsel-openwrt-linux-musl/sys-include]
    add: [/home/brukamen/1260/openwrt/staging_dir/toolchain-mipsel_24kc_gcc-8.4.0_musl/lib/gcc/mipsel-openwrt-linux-musl/8.4.0/../../../../mipsel-openwrt-linux-musl/include]
    add: [/home/brukamen/1260/openwrt/staging_dir/toolchain-mipsel_24kc_gcc-8.4.0_musl/lib/gcc/mipsel-openwrt-linux-musl/8.4.0/include]
    add: [/home/brukamen/1260/openwrt/staging_dir/target-mipsel_24kc_musl/usr/include]
  end of search list found
  collapse include dir [/home/brukamen/1260/openwrt/staging_dir/toolchain-mipsel_24kc_gcc-8.4.0_musl/lib/gcc/mipsel-openwrt-linux-musl/8.4.0/../../../../mipsel-openwrt-linux-musl/sys-include] ==> [/home/brukamen/1260/openwrt/staging_dir/toolchain-mipsel_24kc_gcc-8.4.0_musl/mipsel-openwrt-linux-musl/sys-include]
  collapse include dir [/home/brukamen/1260/openwrt/staging_dir/toolchain-mipsel_24kc_gcc-8.4.0_musl/lib/gcc/mipsel-openwrt-linux-musl/8.4.0/../../../../mipsel-openwrt-linux-musl/include] ==> [/home/brukamen/1260/openwrt/staging_dir/toolchain-mipsel_24kc_gcc-8.4.0_musl/mipsel-openwrt-linux-musl/include]
  collapse include dir [/home/brukamen/1260/openwrt/staging_dir/toolchain-mipsel_24kc_gcc-8.4.0_musl/lib/gcc/mipsel-openwrt-linux-musl/8.4.0/include] ==> [/home/brukamen/1260/openwrt/staging_dir/toolchain-mipsel_24kc_gcc-8.4.0_musl/lib/gcc/mipsel-openwrt-linux-musl/8.4.0/include]
  collapse include dir [/home/brukamen/1260/openwrt/staging_dir/target-mipsel_24kc_musl/usr/include] ==> [/home/brukamen/1260/openwrt/staging_dir/target-mipsel_24kc_musl/usr/include]
  implicit include dirs: [/home/brukamen/1260/openwrt/staging_dir/toolchain-mipsel_24kc_gcc-8.4.0_musl/mipsel-openwrt-linux-musl/sys-include;/home/brukamen/1260/openwrt/staging_dir/toolchain-mipsel_24kc_gcc-8.4.0_musl/mipsel-openwrt-linux-musl/include;/home/brukamen/1260/openwrt/staging_dir/toolchain-mipsel_24kc_gcc-8.4.0_musl/lib/gcc/mipsel-openwrt-linux-musl/8.4.0/include;/home/brukamen/1260/openwrt/staging_dir/target-mipsel_24kc_musl/usr/include]


Parsed C implicit link information from above output:
  link line regex: [^( *|.*[/\])(mipsel-openwrt-linux-musl-ld|CMAKE_LINK_STARTFILE-NOTFOUND|([^/\]+-)?ld|collect2)[^/\]*( |$)]
  ignore line: [Change Dir: /home/brukamen/1260/openwrt/package/UA2F/build/CMakeFiles/CMakeTmp]
  ignore line: []
  ignore line: [Run Build Command(s):/usr/bin/gmake cmTC_367d9/fast && gmake[4]: Entering directory '/home/brukamen/1260/openwrt/package/UA2F/build/CMakeFiles/CMakeTmp']
  ignore line: [/usr/bin/gmake  -f CMakeFiles/cmTC_367d9.dir/build.make CMakeFiles/cmTC_367d9.dir/build]
  ignore line: [gmake[5]: Entering directory '/home/brukamen/1260/openwrt/package/UA2F/build/CMakeFiles/CMakeTmp']
  ignore line: [Building C object CMakeFiles/cmTC_367d9.dir/CMakeCCompilerABI.c.o]
  ignore line: [/home/brukamen/1260/openwrt/staging_dir/toolchain-mipsel_24kc_gcc-8.4.0_musl/bin/mipsel-openwrt-linux-musl-gcc   -Os -pipe -mno-branch-likely -mips32r2 -mtune=24kc -fno-caller-saves -fno-plt -fhonour-copts -Wno-error=unused-but-set-variable -Wno-error=unused-result -msoft-float -mips16 -minterlink-mips16 -fmacro-prefix-map=/home/brukamen/1260/openwrt/package/UA2F/openwrt/..=.. -Wformat -fstack-protector -D_FORTIFY_SOURCE=1 -Wl -z now -Wl -z relro    -v -o CMakeFiles/cmTC_367d9.dir/CMakeCCompilerABI.c.o -c /home/brukamen/1260/openwrt/staging_dir/host/share/cmake-3.19/Modules/CMakeCCompilerABI.c]
  ignore line: [Reading specs from /home/brukamen/1260/openwrt/staging_dir/toolchain-mipsel_24kc_gcc-8.4.0_musl/lib/gcc/mipsel-openwrt-linux-musl/8.4.0/specs]
  ignore line: [COLLECT_GCC=/home/brukamen/1260/openwrt/staging_dir/toolchain-mipsel_24kc_gcc-8.4.0_musl/bin/mipsel-openwrt-linux-musl-gcc]
  ignore line: [Target: mipsel-openwrt-linux-musl]
  ignore line: [Configured with: /home/brukamen/1260/openwrt/build_dir/toolchain-mipsel_24kc_gcc-8.4.0_musl/gcc-8.4.0/configure --with-bugurl=http://bugs.openwrt.org/ --with-pkgversion='OpenWrt GCC 8.4.0 r16852-eb8cae5391' --prefix=/home/brukamen/1260/openwrt/staging_dir/toolchain-mipsel_24kc_gcc-8.4.0_musl --build=x86_64-pc-linux-gnu --host=x86_64-pc-linux-gnu --target=mipsel-openwrt-linux-musl --with-gnu-ld --enable-target-optspace --disable-libgomp --disable-libmudflap --disable-multilib --disable-libmpx --disable-nls --disable-libssp --without-isl --without-cloog --with-host-libstdcxx=-lstdc++ --with-float=soft --with-gmp=/home/brukamen/1260/openwrt/staging_dir/host --with-mpfr=/home/brukamen/1260/openwrt/staging_dir/host --with-mpc=/home/brukamen/1260/openwrt/staging_dir/host --disable-decimal-float --with-diagnostics-color=auto-if-env --enable-__cxa_atexit --disable-libstdcxx-dual-abi --with-default-libstdcxx-abi=new --with-mips-plt --with-headers=/home/brukamen/1260/openwrt/staging_dir/toolchain-mipsel_24kc_gcc-8.4.0_musl/include --enable-languages=c,c++ --enable-shared --enable-threads --with-slibdir=/home/brukamen/1260/openwrt/staging_dir/toolchain-mipsel_24kc_gcc-8.4.0_musl/lib --enable-lto --with-libelf=/home/brukamen/1260/openwrt/staging_dir/host --disable-libsanitizer]
  ignore line: [Thread model: posix]
  ignore line: [gcc version 8.4.0 (OpenWrt GCC 8.4.0 r16852-eb8cae5391) ]
  ignore line: [COLLECT_GCC_OPTIONS='-Os' '-pipe' '-mno-branch-likely' '-mips32r2' '-mtune=24kc' '-fno-caller-saves' '-fno-plt' '-fhonour-copts' '-Wno-error=unused-but-set-variable' '-Wno-error=unused-result' '-msoft-float' '-mips16' '-minterlink-mips16' '-fmacro-prefix-map=/home/brukamen/1260/openwrt/package/UA2F/openwrt/..=..' '-Wformat=1' '-fstack-protector' '-D' '_FORTIFY_SOURCE=1' '-v' '-o' 'CMakeFiles/cmTC_367d9.dir/CMakeCCompilerABI.c.o' '-c' '-mllsc' '-mplt' '-mno-shared' '-EL' '-mabi=32']
  ignore line: [ /home/brukamen/1260/openwrt/staging_dir/toolchain-mipsel_24kc_gcc-8.4.0_musl/libexec/gcc/mipsel-openwrt-linux-musl/8.4.0/cc1 -quiet -v -idirafter /home/brukamen/1260/openwrt/staging_dir/target-mipsel_24kc_musl/usr/include -D _FORTIFY_SOURCE=1 /home/brukamen/1260/openwrt/staging_dir/host/share/cmake-3.19/Modules/CMakeCCompilerABI.c -mel -quiet -dumpbase CMakeCCompilerABI.c -mno-branch-likely -mips32r2 -mtune=24kc -msoft-float -mips16 -minterlink-mips16 -mllsc -mplt -mno-shared -mabi=32 -auxbase-strip CMakeFiles/cmTC_367d9.dir/CMakeCCompilerABI.c.o -Os -Wno-error=unused-but-set-variable -Wno-error=unused-result -Wformat=1 -version -fno-caller-saves -fno-plt -fhonour-copts -fmacro-prefix-map=/home/brukamen/1260/openwrt/package/UA2F/openwrt/..=.. -fstack-protector -o - |]
  ignore line: [ /home/brukamen/1260/openwrt/staging_dir/toolchain-mipsel_24kc_gcc-8.4.0_musl/lib/gcc/mipsel-openwrt-linux-musl/8.4.0/../../../../mipsel-openwrt-linux-musl/bin/as -v -EL -mips32r2 -mips16 -O2 -mabi=32 -mno-shared -mtune=24kc -msoft-float -call_nonpic -o CMakeFiles/cmTC_367d9.dir/CMakeCCompilerABI.c.o]
  ignore line: [GNU assembler version 2.34 (mipsel-openwrt-linux-musl) using BFD version (GNU Binutils) 2.34]
  ignore line: [GNU C17 (OpenWrt GCC 8.4.0 r16852-eb8cae5391) version 8.4.0 (mipsel-openwrt-linux-musl)]
  ignore line: [	compiled by GNU C version 11.3.0  GMP version 6.2.1  MPFR version 4.1.0  MPC version 1.2.1  isl version none]
  ignore line: [GGC heuristics: --param ggc-min-expand=100 --param ggc-min-heapsize=131072]
  ignore line: [#include "..." search starts here:]
  ignore line: [#include <...> search starts here:]
  ignore line: [ /home/brukamen/1260/openwrt/staging_dir/toolchain-mipsel_24kc_gcc-8.4.0_musl/lib/gcc/mipsel-openwrt-linux-musl/8.4.0/../../../../mipsel-openwrt-linux-musl/sys-include]
  ignore line: [ /home/brukamen/1260/openwrt/staging_dir/toolchain-mipsel_24kc_gcc-8.4.0_musl/lib/gcc/mipsel-openwrt-linux-musl/8.4.0/../../../../mipsel-openwrt-linux-musl/include]
  ignore line: [ /home/brukamen/1260/openwrt/staging_dir/toolchain-mipsel_24kc_gcc-8.4.0_musl/lib/gcc/mipsel-openwrt-linux-musl/8.4.0/include]
  ignore line: [ /home/brukamen/1260/openwrt/staging_dir/target-mipsel_24kc_musl/usr/include]
  ignore line: [End of search list.]
  ignore line: [GNU C17 (OpenWrt GCC 8.4.0 r16852-eb8cae5391) version 8.4.0 (mipsel-openwrt-linux-musl)]
  ignore line: [	compiled by GNU C version 11.3.0  GMP version 6.2.1  MPFR version 4.1.0  MPC version 1.2.1  isl version none]
  ignore line: [GGC heuristics: --param ggc-min-expand=100 --param ggc-min-heapsize=131072]
  ignore line: [Compiler executable checksum: 56da29872d60b3929234882705c11d5d]
  ignore line: [COMPILER_PATH=/home/brukamen/1260/openwrt/staging_dir/toolchain-mipsel_24kc_gcc-8.4.0_musl/libexec/gcc/mipsel-openwrt-linux-musl/8.4.0/:/home/brukamen/1260/openwrt/staging_dir/toolchain-mipsel_24kc_gcc-8.4.0_musl/libexec/gcc/mipsel-openwrt-linux-musl/8.4.0/:/home/brukamen/1260/openwrt/staging_dir/toolchain-mipsel_24kc_gcc-8.4.0_musl/libexec/gcc/mipsel-openwrt-linux-musl/:/home/brukamen/1260/openwrt/staging_dir/toolchain-mipsel_24kc_gcc-8.4.0_musl/lib/gcc/mipsel-openwrt-linux-musl/8.4.0/:/home/brukamen/1260/openwrt/staging_dir/toolchain-mipsel_24kc_gcc-8.4.0_musl/lib/gcc/mipsel-openwrt-linux-musl/:/home/brukamen/1260/openwrt/staging_dir/toolchain-mipsel_24kc_gcc-8.4.0_musl/lib/gcc/mipsel-openwrt-linux-musl/8.4.0/../../../../mipsel-openwrt-linux-musl/bin/]
  ignore line: [LIBRARY_PATH=/home/brukamen/1260/openwrt/staging_dir/toolchain-mipsel_24kc_gcc-8.4.0_musl/lib/gcc/mipsel-openwrt-linux-musl/8.4.0/:/home/brukamen/1260/openwrt/staging_dir/toolchain-mipsel_24kc_gcc-8.4.0_musl/lib/gcc/mipsel-openwrt-linux-musl/8.4.0/../../../../mipsel-openwrt-linux-musl/lib/]
  ignore line: [COLLECT_GCC_OPTIONS='-Os' '-pipe' '-mno-branch-likely' '-mips32r2' '-mtune=24kc' '-fno-caller-saves' '-fno-plt' '-fhonour-copts' '-Wno-error=unused-but-set-variable' '-Wno-error=unused-result' '-msoft-float' '-mips16' '-minterlink-mips16' '-fmacro-prefix-map=/home/brukamen/1260/openwrt/package/UA2F/openwrt/..=..' '-Wformat=1' '-fstack-protector' '-D' '_FORTIFY_SOURCE=1' '-v' '-o' 'CMakeFiles/cmTC_367d9.dir/CMakeCCompilerABI.c.o' '-c' '-mllsc' '-mplt' '-mno-shared' '-EL' '-mabi=32']
  ignore line: [Linking C executable cmTC_367d9]
  ignore line: [/home/brukamen/1260/openwrt/staging_dir/host/bin/cmake -E cmake_link_script CMakeFiles/cmTC_367d9.dir/link.txt --verbose=1]
  ignore line: [/home/brukamen/1260/openwrt/staging_dir/toolchain-mipsel_24kc_gcc-8.4.0_musl/bin/mipsel-openwrt-linux-musl-gcc -Os -pipe -mno-branch-likely -mips32r2 -mtune=24kc -fno-caller-saves -fno-plt -fhonour-copts -Wno-error=unused-but-set-variable -Wno-error=unused-result -msoft-float -mips16 -minterlink-mips16 -fmacro-prefix-map=/home/brukamen/1260/openwrt/package/UA2F/openwrt/..=.. -Wformat -fstack-protector -D_FORTIFY_SOURCE=1 -Wl -z now -Wl -z relro  -L/home/brukamen/1260/openwrt/staging_dir/toolchain-mipsel_24kc_gcc-8.4.0_musl/usr/lib -L/home/brukamen/1260/openwrt/staging_dir/toolchain-mipsel_24kc_gcc-8.4.0_musl/lib -znow -zrelro -v CMakeFiles/cmTC_367d9.dir/CMakeCCompilerABI.c.o -o cmTC_367d9 ]
  ignore line: [Reading specs from /home/brukamen/1260/openwrt/staging_dir/toolchain-mipsel_24kc_gcc-8.4.0_musl/lib/gcc/mipsel-openwrt-linux-musl/8.4.0/specs]
  ignore line: [COLLECT_GCC=/home/brukamen/1260/openwrt/staging_dir/toolchain-mipsel_24kc_gcc-8.4.0_musl/bin/mipsel-openwrt-linux-musl-gcc]
  ignore line: [COLLECT_LTO_WRAPPER=/home/brukamen/1260/openwrt/staging_dir/toolchain-mipsel_24kc_gcc-8.4.0_musl/libexec/gcc/mipsel-openwrt-linux-musl/8.4.0/lto-wrapper]
  ignore line: [Target: mipsel-openwrt-linux-musl]
  ignore line: [Configured with: /home/brukamen/1260/openwrt/build_dir/toolchain-mipsel_24kc_gcc-8.4.0_musl/gcc-8.4.0/configure --with-bugurl=http://bugs.openwrt.org/ --with-pkgversion='OpenWrt GCC 8.4.0 r16852-eb8cae5391' --prefix=/home/brukamen/1260/openwrt/staging_dir/toolchain-mipsel_24kc_gcc-8.4.0_musl --build=x86_64-pc-linux-gnu --host=x86_64-pc-linux-gnu --target=mipsel-openwrt-linux-musl --with-gnu-ld --enable-target-optspace --disable-libgomp --disable-libmudflap --disable-multilib --disable-libmpx --disable-nls --disable-libssp --without-isl --without-cloog --with-host-libstdcxx=-lstdc++ --with-float=soft --with-gmp=/home/brukamen/1260/openwrt/staging_dir/host --with-mpfr=/home/brukamen/1260/openwrt/staging_dir/host --with-mpc=/home/brukamen/1260/openwrt/staging_dir/host --disable-decimal-float --with-diagnostics-color=auto-if-env --enable-__cxa_atexit --disable-libstdcxx-dual-abi --with-default-libstdcxx-abi=new --with-mips-plt --with-headers=/home/brukamen/1260/openwrt/staging_dir/toolchain-mipsel_24kc_gcc-8.4.0_musl/include --enable-languages=c,c++ --enable-shared --enable-threads --with-slibdir=/home/brukamen/1260/openwrt/staging_dir/toolchain-mipsel_24kc_gcc-8.4.0_musl/lib --enable-lto --with-libelf=/home/brukamen/1260/openwrt/staging_dir/host --disable-libsanitizer]
  ignore line: [Thread model: posix]
  ignore line: [gcc version 8.4.0 (OpenWrt GCC 8.4.0 r16852-eb8cae5391) ]
  ignore line: [COMPILER_PATH=/home/brukamen/1260/openwrt/staging_dir/toolchain-mipsel_24kc_gcc-8.4.0_musl/libexec/gcc/mipsel-openwrt-linux-musl/8.4.0/:/home/brukamen/1260/openwrt/staging_dir/toolchain-mipsel_24kc_gcc-8.4.0_musl/libexec/gcc/mipsel-openwrt-linux-musl/8.4.0/:/home/brukamen/1260/openwrt/staging_dir/toolchain-mipsel_24kc_gcc-8.4.0_musl/libexec/gcc/mipsel-openwrt-linux-musl/:/home/brukamen/1260/openwrt/staging_dir/toolchain-mipsel_24kc_gcc-8.4.0_musl/lib/gcc/mipsel-openwrt-linux-musl/8.4.0/:/home/brukamen/1260/openwrt/staging_dir/toolchain-mipsel_24kc_gcc-8.4.0_musl/lib/gcc/mipsel-openwrt-linux-musl/:/home/brukamen/1260/openwrt/staging_dir/toolchain-mipsel_24kc_gcc-8.4.0_musl/lib/gcc/mipsel-openwrt-linux-musl/8.4.0/../../../../mipsel-openwrt-linux-musl/bin/]
  ignore line: [LIBRARY_PATH=/home/brukamen/1260/openwrt/staging_dir/toolchain-mipsel_24kc_gcc-8.4.0_musl/lib/gcc/mipsel-openwrt-linux-musl/8.4.0/:/home/brukamen/1260/openwrt/staging_dir/toolchain-mipsel_24kc_gcc-8.4.0_musl/lib/gcc/mipsel-openwrt-linux-musl/8.4.0/../../../../mipsel-openwrt-linux-musl/lib/]
  ignore line: [COLLECT_GCC_OPTIONS='-Os' '-pipe' '-mno-branch-likely' '-mips32r2' '-mtune=24kc' '-fno-caller-saves' '-fno-plt' '-fhonour-copts' '-Wno-error=unused-but-set-variable' '-Wno-error=unused-result' '-msoft-float' '-mips16' '-minterlink-mips16' '-fmacro-prefix-map=/home/brukamen/1260/openwrt/package/UA2F/openwrt/..=..' '-Wformat=1' '-fstack-protector' '-D' '_FORTIFY_SOURCE=1' '-L/home/brukamen/1260/openwrt/staging_dir/toolchain-mipsel_24kc_gcc-8.4.0_musl/usr/lib' '-L/home/brukamen/1260/openwrt/staging_dir/toolchain-mipsel_24kc_gcc-8.4.0_musl/lib' '-z' 'now' '-z' 'relro' '-v' '-o' 'cmTC_367d9' '-mllsc' '-mplt' '-mno-shared' '-EL' '-mabi=32']
  link line: [ /home/brukamen/1260/openwrt/staging_dir/toolchain-mipsel_24kc_gcc-8.4.0_musl/libexec/gcc/mipsel-openwrt-linux-musl/8.4.0/collect2 -plugin /home/brukamen/1260/openwrt/staging_dir/toolchain-mipsel_24kc_gcc-8.4.0_musl/libexec/gcc/mipsel-openwrt-linux-musl/8.4.0/liblto_plugin.so -plugin-opt=/home/brukamen/1260/openwrt/staging_dir/toolchain-mipsel_24kc_gcc-8.4.0_musl/libexec/gcc/mipsel-openwrt-linux-musl/8.4.0/lto-wrapper -plugin-opt=-fresolution=/home/brukamen/1260/openwrt/tmp/ccWLnMwm.res -plugin-opt=-pass-through=-lgcc_s -plugin-opt=-pass-through=-lc -plugin-opt=-pass-through=-lgcc_s --eh-frame-hdr -EL -mips32r2 -mips16 -dynamic-linker /lib/ld-musl-mipsel-sf.so.1 -melf32ltsmip -o cmTC_367d9 -z now -z relro /home/brukamen/1260/openwrt/staging_dir/toolchain-mipsel_24kc_gcc-8.4.0_musl/lib/gcc/mipsel-openwrt-linux-musl/8.4.0/../../../../mipsel-openwrt-linux-musl/lib/crt1.o /home/brukamen/1260/openwrt/staging_dir/toolchain-mipsel_24kc_gcc-8.4.0_musl/lib/gcc/mipsel-openwrt-linux-musl/8.4.0/../../../../mipsel-openwrt-linux-musl/lib/crti.o /home/brukamen/1260/openwrt/staging_dir/toolchain-mipsel_24kc_gcc-8.4.0_musl/lib/gcc/mipsel-openwrt-linux-musl/8.4.0/crtbegin.o -L/home/brukamen/1260/openwrt/staging_dir/toolchain-mipsel_24kc_gcc-8.4.0_musl/usr/lib -L/home/brukamen/1260/openwrt/staging_dir/toolchain-mipsel_24kc_gcc-8.4.0_musl/lib -L /home/brukamen/1260/openwrt/staging_dir/target-mipsel_24kc_musl/usr/lib -rpath-link /home/brukamen/1260/openwrt/staging_dir/target-mipsel_24kc_musl/usr/lib -L/home/brukamen/1260/openwrt/staging_dir/toolchain-mipsel_24kc_gcc-8.4.0_musl/lib/gcc/mipsel-openwrt-linux-musl/8.4.0 -L/home/brukamen/1260/openwrt/staging_dir/toolchain-mipsel_24kc_gcc-8.4.0_musl/lib/gcc/mipsel-openwrt-linux-musl/8.4.0/../../../../mipsel-openwrt-linux-musl/lib -z now -z relro CMakeFiles/cmTC_367d9.dir/CMakeCCompilerABI.c.o -lssp_nonshared -lgcc_s -lc -lgcc_s /home/brukamen/1260/openwrt/staging_dir/toolchain-mipsel_24kc_gcc-8.4.0_musl/lib/gcc/mipsel-openwrt-linux-musl/8.4.0/crtend.o /home/brukamen/1260/openwrt/staging_dir/toolchain-mipsel_24kc_gcc-8.4.0_musl/lib/gcc/mipsel-openwrt-linux-musl/8.4.0/../../../../mipsel-openwrt-linux-musl/lib/crtn.o]
    arg [/home/brukamen/1260/openwrt/staging_dir/toolchain-mipsel_24kc_gcc-8.4.0_musl/libexec/gcc/mipsel-openwrt-linux-musl/8.4.0/collect2] ==> ignore
    arg [-plugin] ==> ignore
    arg [/home/brukamen/1260/openwrt/staging_dir/toolchain-mipsel_24kc_gcc-8.4.0_musl/libexec/gcc/mipsel-openwrt-linux-musl/8.4.0/liblto_plugin.so] ==> ignore
    arg [-plugin-opt=/home/brukamen/1260/openwrt/staging_dir/toolchain-mipsel_24kc_gcc-8.4.0_musl/libexec/gcc/mipsel-openwrt-linux-musl/8.4.0/lto-wrapper] ==> ignore
    arg [-plugin-opt=-fresolution=/home/brukamen/1260/openwrt/tmp/ccWLnMwm.res] ==> ignore
    arg [-plugin-opt=-pass-through=-lgcc_s] ==> ignore
    arg [-plugin-opt=-pass-through=-lc] ==> ignore
    arg [-plugin-opt=-pass-through=-lgcc_s] ==> ignore
    arg [--eh-frame-hdr] ==> ignore
    arg [-EL] ==> ignore
    arg [-mips32r2] ==> ignore
    arg [-mips16] ==> ignore
    arg [-dynamic-linker] ==> ignore
    arg [/lib/ld-musl-mipsel-sf.so.1] ==> ignore
    arg [-melf32ltsmip] ==> ignore
    arg [-o] ==> ignore
    arg [cmTC_367d9] ==> ignore
    arg [-znow] ==> ignore
    arg [-zrelro] ==> ignore
    arg [/home/brukamen/1260/openwrt/staging_dir/toolchain-mipsel_24kc_gcc-8.4.0_musl/lib/gcc/mipsel-openwrt-linux-musl/8.4.0/../../../../mipsel-openwrt-linux-musl/lib/crt1.o] ==> ignore
    arg [/home/brukamen/1260/openwrt/staging_dir/toolchain-mipsel_24kc_gcc-8.4.0_musl/lib/gcc/mipsel-openwrt-linux-musl/8.4.0/../../../../mipsel-openwrt-linux-musl/lib/crti.o] ==> ignore
    arg [/home/brukamen/1260/openwrt/staging_dir/toolchain-mipsel_24kc_gcc-8.4.0_musl/lib/gcc/mipsel-openwrt-linux-musl/8.4.0/crtbegin.o] ==> ignore
    arg [-L/home/brukamen/1260/openwrt/staging_dir/toolchain-mipsel_24kc_gcc-8.4.0_musl/usr/lib] ==> dir [/home/brukamen/1260/openwrt/staging_dir/toolchain-mipsel_24kc_gcc-8.4.0_musl/usr/lib]
    arg [-L/home/brukamen/1260/openwrt/staging_dir/toolchain-mipsel_24kc_gcc-8.4.0_musl/lib] ==> dir [/home/brukamen/1260/openwrt/staging_dir/toolchain-mipsel_24kc_gcc-8.4.0_musl/lib]
    arg [-L/home/brukamen/1260/openwrt/staging_dir/target-mipsel_24kc_musl/usr/lib] ==> dir [/home/brukamen/1260/openwrt/staging_dir/target-mipsel_24kc_musl/usr/lib]
    arg [-rpath-link] ==> ignore
    arg [/home/brukamen/1260/openwrt/staging_dir/target-mipsel_24kc_musl/usr/lib] ==> ignore
    arg [-L/home/brukamen/1260/openwrt/staging_dir/toolchain-mipsel_24kc_gcc-8.4.0_musl/lib/gcc/mipsel-openwrt-linux-musl/8.4.0] ==> dir [/home/brukamen/1260/openwrt/staging_dir/toolchain-mipsel_24kc_gcc-8.4.0_musl/lib/gcc/mipsel-openwrt-linux-musl/8.4.0]
    arg [-L/home/brukamen/1260/openwrt/staging_dir/toolchain-mipsel_24kc_gcc-8.4.0_musl/lib/gcc/mipsel-openwrt-linux-musl/8.4.0/../../../../mipsel-openwrt-linux-musl/lib] ==> dir [/home/brukamen/1260/openwrt/staging_dir/toolchain-mipsel_24kc_gcc-8.4.0_musl/lib/gcc/mipsel-openwrt-linux-musl/8.4.0/../../../../mipsel-openwrt-linux-musl/lib]
    arg [-znow] ==> ignore
    arg [-zrelro] ==> ignore
    arg [CMakeFiles/cmTC_367d9.dir/CMakeCCompilerABI.c.o] ==> ignore
    arg [-lssp_nonshared] ==> lib [ssp_nonshared]
    arg [-lgcc_s] ==> lib [gcc_s]
    arg [-lc] ==> lib [c]
    arg [-lgcc_s] ==> lib [gcc_s]
    arg [/home/brukamen/1260/openwrt/staging_dir/toolchain-mipsel_24kc_gcc-8.4.0_musl/lib/gcc/mipsel-openwrt-linux-musl/8.4.0/crtend.o] ==> ignore
    arg [/home/brukamen/1260/openwrt/staging_dir/toolchain-mipsel_24kc_gcc-8.4.0_musl/lib/gcc/mipsel-openwrt-linux-musl/8.4.0/../../../../mipsel-openwrt-linux-musl/lib/crtn.o] ==> ignore
  collapse library dir [/home/brukamen/1260/openwrt/staging_dir/toolchain-mipsel_24kc_gcc-8.4.0_musl/usr/lib] ==> [/home/brukamen/1260/openwrt/staging_dir/toolchain-mipsel_24kc_gcc-8.4.0_musl/usr/lib]
  collapse library dir [/home/brukamen/1260/openwrt/staging_dir/toolchain-mipsel_24kc_gcc-8.4.0_musl/lib] ==> [/home/brukamen/1260/openwrt/staging_dir/toolchain-mipsel_24kc_gcc-8.4.0_musl/lib]
  collapse library dir [/home/brukamen/1260/openwrt/staging_dir/target-mipsel_24kc_musl/usr/lib] ==> [/home/brukamen/1260/openwrt/staging_dir/target-mipsel_24kc_musl/usr/lib]
  collapse library dir [/home/brukamen/1260/openwrt/staging_dir/toolchain-mipsel_24kc_gcc-8.4.0_musl/lib/gcc/mipsel-openwrt-linux-musl/8.4.0] ==> [/home/brukamen/1260/openwrt/staging_dir/toolchain-mipsel_24kc_gcc-8.4.0_musl/lib/gcc/mipsel-openwrt-linux-musl/8.4.0]
  collapse library dir [/home/brukamen/1260/openwrt/staging_dir/toolchain-mipsel_24kc_gcc-8.4.0_musl/lib/gcc/mipsel-openwrt-linux-musl/8.4.0/../../../../mipsel-openwrt-linux-musl/lib] ==> [/home/brukamen/1260/openwrt/staging_dir/toolchain-mipsel_24kc_gcc-8.4.0_musl/mipsel-openwrt-linux-musl/lib]
  implicit libs: [ssp_nonshared;gcc_s;c;gcc_s]
  implicit dirs: [/home/brukamen/1260/openwrt/staging_dir/toolchain-mipsel_24kc_gcc-8.4.0_musl/usr/lib;/home/brukamen/1260/openwrt/staging_dir/toolchain-mipsel_24kc_gcc-8.4.0_musl/lib;/home/brukamen/1260/openwrt/staging_dir/target-mipsel_24kc_musl/usr/lib;/home/brukamen/1260/openwrt/staging_dir/toolchain-mipsel_24kc_gcc-8.4.0_musl/lib/gcc/mipsel-openwrt-linux-musl/8.4.0;/home/brukamen/1260/openwrt/staging_dir/toolchain-mipsel_24kc_gcc-8.4.0_musl/mipsel-openwrt-linux-musl/lib]
  implicit fwks: []


